{"/home/mahdi/Documents/Projects/sendthe/src/sendthe.ts": {"path":"/home/mahdi/Documents/Projects/sendthe/src/sendthe.ts","statementMap":{"0":{"start":{"line":3,"column":18},"end":{"line":4,"column":61}},"1":{"start":{"line":4,"column":2},"end":{"line":4,"column":61}},"2":{"start":{"line":4,"column":27},"end":{"line":4,"column":50}},"3":{"start":{"line":6,"column":16},"end":{"line":90,"column":1}},"4":{"start":{"line":7,"column":43},"end":{"line":7,"column":45}},"5":{"start":{"line":9,"column":25},"end":{"line":9,"column":27}},"6":{"start":{"line":10,"column":26},"end":{"line":10,"column":28}},"7":{"start":{"line":11,"column":22},"end":{"line":28,"column":3}},"8":{"start":{"line":12,"column":17},"end":{"line":12,"column":39}},"9":{"start":{"line":13,"column":4},"end":{"line":20,"column":5}},"10":{"start":{"line":16,"column":37},"end":{"line":16,"column":68}},"11":{"start":{"line":19,"column":6},"end":{"line":19,"column":37}},"12":{"start":{"line":22,"column":24},"end":{"line":22,"column":52}},"13":{"start":{"line":23,"column":4},"end":{"line":25,"column":5}},"14":{"start":{"line":24,"column":6},"end":{"line":24,"column":33}},"15":{"start":{"line":27,"column":4},"end":{"line":27,"column":33}},"16":{"start":{"line":30,"column":24},"end":{"line":45,"column":3}},"17":{"start":{"line":31,"column":21},"end":{"line":31,"column":66}},"18":{"start":{"line":32,"column":4},"end":{"line":36,"column":5}},"19":{"start":{"line":33,"column":6},"end":{"line":33,"column":22}},"20":{"start":{"line":34,"column":11},"end":{"line":36,"column":5}},"21":{"start":{"line":35,"column":6},"end":{"line":35,"column":26}},"22":{"start":{"line":38,"column":14},"end":{"line":38,"column":17}},"23":{"start":{"line":39,"column":4},"end":{"line":41,"column":6}},"24":{"start":{"line":40,"column":14},"end":{"line":40,"column":73}},"25":{"start":{"line":43,"column":4},"end":{"line":43,"column":47}},"26":{"start":{"line":44,"column":4},"end":{"line":44,"column":15}},"27":{"start":{"line":47,"column":19},"end":{"line":61,"column":3}},"28":{"start":{"line":48,"column":21},"end":{"line":48,"column":65}},"29":{"start":{"line":49,"column":4},"end":{"line":53,"column":5}},"30":{"start":{"line":50,"column":6},"end":{"line":50,"column":34}},"31":{"start":{"line":51,"column":11},"end":{"line":53,"column":5}},"32":{"start":{"line":52,"column":6},"end":{"line":52,"column":26}},"33":{"start":{"line":55,"column":14},"end":{"line":55,"column":34}},"34":{"start":{"line":56,"column":4},"end":{"line":58,"column":5}},"35":{"start":{"line":57,"column":6},"end":{"line":57,"column":50}},"36":{"start":{"line":60,"column":4},"end":{"line":60,"column":27}},"37":{"start":{"line":63,"column":14},"end":{"line":76,"column":3}},"38":{"start":{"line":64,"column":18},"end":{"line":64,"column":53}},"39":{"start":{"line":65,"column":22},"end":{"line":67,"column":5}},"40":{"start":{"line":66,"column":6},"end":{"line":66,"column":65}},"41":{"start":{"line":66,"column":25},"end":{"line":66,"column":64}},"42":{"start":{"line":69,"column":4},"end":{"line":71,"column":5}},"43":{"start":{"line":70,"column":6},"end":{"line":70,"column":18}},"44":{"start":{"line":73,"column":4},"end":{"line":75,"column":6}},"45":{"start":{"line":74,"column":6},"end":{"line":74,"column":54}},"46":{"start":{"line":78,"column":14},"end":{"line":85,"column":3}},"47":{"start":{"line":79,"column":4},"end":{"line":84,"column":44}},"48":{"start":{"line":87,"column":2},"end":{"line":87,"column":69}},"49":{"start":{"line":87,"column":39},"end":{"line":87,"column":67}},"50":{"start":{"line":89,"column":2},"end":{"line":89,"column":41}}},"fnMap":{"0":{"name":"(anonymous_0)","decl":{"start":{"line":3,"column":18},"end":{"line":3,"column":19}},"loc":{"start":{"line":4,"column":2},"end":{"line":4,"column":61}},"line":4},"1":{"name":"(anonymous_1)","decl":{"start":{"line":4,"column":20},"end":{"line":4,"column":21}},"loc":{"start":{"line":4,"column":27},"end":{"line":4,"column":50}},"line":4},"2":{"name":"(anonymous_2)","decl":{"start":{"line":6,"column":16},"end":{"line":6,"column":17}},"loc":{"start":{"line":6,"column":30},"end":{"line":90,"column":1}},"line":6},"3":{"name":"(anonymous_3)","decl":{"start":{"line":11,"column":22},"end":{"line":11,"column":23}},"loc":{"start":{"line":11,"column":52},"end":{"line":28,"column":3}},"line":11},"4":{"name":"(anonymous_4)","decl":{"start":{"line":16,"column":30},"end":{"line":16,"column":31}},"loc":{"start":{"line":16,"column":37},"end":{"line":16,"column":68}},"line":16},"5":{"name":"(anonymous_5)","decl":{"start":{"line":30,"column":24},"end":{"line":30,"column":25}},"loc":{"start":{"line":30,"column":41},"end":{"line":45,"column":3}},"line":30},"6":{"name":"(anonymous_6)","decl":{"start":{"line":40,"column":6},"end":{"line":40,"column":7}},"loc":{"start":{"line":40,"column":14},"end":{"line":40,"column":73}},"line":40},"7":{"name":"(anonymous_7)","decl":{"start":{"line":47,"column":19},"end":{"line":47,"column":20}},"loc":{"start":{"line":47,"column":35},"end":{"line":61,"column":3}},"line":47},"8":{"name":"(anonymous_8)","decl":{"start":{"line":63,"column":14},"end":{"line":63,"column":15}},"loc":{"start":{"line":63,"column":41},"end":{"line":76,"column":3}},"line":63},"9":{"name":"(anonymous_9)","decl":{"start":{"line":65,"column":53},"end":{"line":65,"column":54}},"loc":{"start":{"line":66,"column":6},"end":{"line":66,"column":65}},"line":66},"10":{"name":"(anonymous_10)","decl":{"start":{"line":66,"column":17},"end":{"line":66,"column":18}},"loc":{"start":{"line":66,"column":25},"end":{"line":66,"column":64}},"line":66},"11":{"name":"(anonymous_11)","decl":{"start":{"line":73,"column":25},"end":{"line":73,"column":26}},"loc":{"start":{"line":74,"column":6},"end":{"line":74,"column":54}},"line":74},"12":{"name":"(anonymous_12)","decl":{"start":{"line":78,"column":14},"end":{"line":78,"column":15}},"loc":{"start":{"line":78,"column":34},"end":{"line":85,"column":3}},"line":78},"13":{"name":"(anonymous_13)","decl":{"start":{"line":87,"column":27},"end":{"line":87,"column":28}},"loc":{"start":{"line":87,"column":39},"end":{"line":87,"column":67}},"line":87}},"branchMap":{"0":{"loc":{"start":{"line":6,"column":17},"end":{"line":6,"column":25}},"type":"default-arg","locations":[{"start":{"line":6,"column":23},"end":{"line":6,"column":25}}],"line":6},"1":{"loc":{"start":{"line":12,"column":29},"end":{"line":12,"column":38}},"type":"binary-expr","locations":[{"start":{"line":12,"column":29},"end":{"line":12,"column":32}},{"start":{"line":12,"column":36},"end":{"line":12,"column":38}}],"line":12},"2":{"loc":{"start":{"line":13,"column":4},"end":{"line":20,"column":5}},"type":"if","locations":[{"start":{"line":13,"column":4},"end":{"line":20,"column":5}},{"start":{"line":13,"column":4},"end":{"line":20,"column":5}}],"line":13},"3":{"loc":{"start":{"line":14,"column":6},"end":{"line":17,"column":9}},"type":"binary-expr","locations":[{"start":{"line":14,"column":6},"end":{"line":14,"column":32}},{"start":{"line":15,"column":6},"end":{"line":15,"column":18}},{"start":{"line":16,"column":6},"end":{"line":17,"column":9}}],"line":14},"4":{"loc":{"start":{"line":23,"column":4},"end":{"line":25,"column":5}},"type":"if","locations":[{"start":{"line":23,"column":4},"end":{"line":25,"column":5}},{"start":{"line":23,"column":4},"end":{"line":25,"column":5}}],"line":23},"5":{"loc":{"start":{"line":32,"column":4},"end":{"line":36,"column":5}},"type":"if","locations":[{"start":{"line":32,"column":4},"end":{"line":36,"column":5}},{"start":{"line":32,"column":4},"end":{"line":36,"column":5}}],"line":32},"6":{"loc":{"start":{"line":34,"column":11},"end":{"line":36,"column":5}},"type":"if","locations":[{"start":{"line":34,"column":11},"end":{"line":36,"column":5}},{"start":{"line":34,"column":11},"end":{"line":36,"column":5}}],"line":34},"7":{"loc":{"start":{"line":49,"column":4},"end":{"line":53,"column":5}},"type":"if","locations":[{"start":{"line":49,"column":4},"end":{"line":53,"column":5}},{"start":{"line":49,"column":4},"end":{"line":53,"column":5}}],"line":49},"8":{"loc":{"start":{"line":51,"column":11},"end":{"line":53,"column":5}},"type":"if","locations":[{"start":{"line":51,"column":11},"end":{"line":53,"column":5}},{"start":{"line":51,"column":11},"end":{"line":53,"column":5}}],"line":51},"9":{"loc":{"start":{"line":56,"column":4},"end":{"line":58,"column":5}},"type":"if","locations":[{"start":{"line":56,"column":4},"end":{"line":58,"column":5}},{"start":{"line":56,"column":4},"end":{"line":58,"column":5}}],"line":56},"10":{"loc":{"start":{"line":64,"column":18},"end":{"line":64,"column":53}},"type":"cond-expr","locations":[{"start":{"line":64,"column":40},"end":{"line":64,"column":44}},{"start":{"line":64,"column":47},"end":{"line":64,"column":53}}],"line":64},"11":{"loc":{"start":{"line":69,"column":4},"end":{"line":71,"column":5}},"type":"if","locations":[{"start":{"line":69,"column":4},"end":{"line":71,"column":5}},{"start":{"line":69,"column":4},"end":{"line":71,"column":5}}],"line":69},"12":{"loc":{"start":{"line":80,"column":6},"end":{"line":84,"column":43}},"type":"cond-expr","locations":[{"start":{"line":81,"column":10},"end":{"line":83,"column":18}},{"start":{"line":84,"column":10},"end":{"line":84,"column":43}}],"line":80},"13":{"loc":{"start":{"line":81,"column":10},"end":{"line":83,"column":18}},"type":"cond-expr","locations":[{"start":{"line":82,"column":12},"end":{"line":82,"column":16}},{"start":{"line":83,"column":12},"end":{"line":83,"column":18}}],"line":81}},"s":{"0":1,"1":10,"2":10,"3":1,"4":15,"5":15,"6":15,"7":15,"8":36,"9":36,"10":10,"11":26,"12":10,"13":10,"14":2,"15":8,"16":15,"17":18,"18":18,"19":1,"20":17,"21":13,"22":4,"23":4,"24":4,"25":4,"26":4,"27":15,"28":18,"29":18,"30":1,"31":17,"32":13,"33":4,"34":4,"35":4,"36":4,"37":15,"38":17,"39":17,"40":18,"41":19,"42":17,"43":1,"44":16,"45":18,"46":15,"47":18,"48":15,"49":9,"50":15},"f":{"0":10,"1":10,"2":15,"3":36,"4":10,"5":18,"6":4,"7":18,"8":17,"9":18,"10":19,"11":18,"12":18,"13":9},"b":{"0":[9],"1":[36,26],"2":[26,10],"3":[36,11,10],"4":[2,8],"5":[1,17],"6":[13,4],"7":[1,17],"8":[13,4],"9":[4,0],"10":[1,16],"11":[1,16],"12":[17,1],"13":[3,14]},"_coverageSchema":"43e27e138ebf9cfc5966b082cf9a028302ed4184","hash":"f49497a1ae9ed7d57a1cb4349afdc900946a1b79"}
}
