TN:
SF:/home/mahdi/Documents/Projects/sendthe/src/sendthe.ts
FN:3,(anonymous_0)
FN:4,(anonymous_1)
FN:6,(anonymous_2)
FN:11,(anonymous_3)
FN:16,(anonymous_4)
FN:30,(anonymous_5)
FN:40,(anonymous_6)
FN:47,(anonymous_7)
FN:63,(anonymous_8)
FN:65,(anonymous_9)
FN:66,(anonymous_10)
FN:73,(anonymous_11)
FN:78,(anonymous_12)
FN:87,(anonymous_13)
FNF:14
FNH:14
FNDA:10,(anonymous_0)
FNDA:10,(anonymous_1)
FNDA:15,(anonymous_2)
FNDA:36,(anonymous_3)
FNDA:10,(anonymous_4)
FNDA:18,(anonymous_5)
FNDA:4,(anonymous_6)
FNDA:18,(anonymous_7)
FNDA:17,(anonymous_8)
FNDA:18,(anonymous_9)
FNDA:19,(anonymous_10)
FNDA:18,(anonymous_11)
FNDA:18,(anonymous_12)
FNDA:9,(anonymous_13)
DA:3,1
DA:4,10
DA:6,1
DA:7,15
DA:9,15
DA:10,15
DA:11,15
DA:12,36
DA:13,36
DA:16,10
DA:19,26
DA:22,10
DA:23,10
DA:24,2
DA:27,8
DA:30,15
DA:31,18
DA:32,18
DA:33,1
DA:34,17
DA:35,13
DA:38,4
DA:39,4
DA:40,4
DA:43,4
DA:44,4
DA:47,15
DA:48,18
DA:49,18
DA:50,1
DA:51,17
DA:52,13
DA:55,4
DA:56,4
DA:57,4
DA:60,4
DA:63,15
DA:64,17
DA:65,17
DA:66,19
DA:69,17
DA:70,1
DA:73,16
DA:74,18
DA:78,15
DA:79,18
DA:87,15
DA:89,15
LF:48
LH:48
BRDA:6,0,0,9
BRDA:12,1,0,36
BRDA:12,1,1,26
BRDA:13,2,0,26
BRDA:13,2,1,10
BRDA:14,3,0,36
BRDA:14,3,1,11
BRDA:14,3,2,10
BRDA:23,4,0,2
BRDA:23,4,1,8
BRDA:32,5,0,1
BRDA:32,5,1,17
BRDA:34,6,0,13
BRDA:34,6,1,4
BRDA:49,7,0,1
BRDA:49,7,1,17
BRDA:51,8,0,13
BRDA:51,8,1,4
BRDA:56,9,0,4
BRDA:56,9,1,0
BRDA:64,10,0,1
BRDA:64,10,1,16
BRDA:69,11,0,1
BRDA:69,11,1,16
BRDA:80,12,0,17
BRDA:80,12,1,1
BRDA:81,13,0,3
BRDA:81,13,1,14
BRF:28
BRH:27
end_of_record
